-------------------------------------------------------------------------------
Test set: runners.FailedRunner
-------------------------------------------------------------------------------
Tests run: 1, Failures: 0, Errors: 1, Skipped: 0, Time elapsed: 24.625 s <<< FAILURE! - in runners.FailedRunner
Add Employee Job Details functionality.adding job details to an existing employee profile  Time elapsed: 23.634 s  <<< ERROR!
java.lang.ArithmeticException: / by zero
	at steps.AddJobDetailsSteps.user_clicks_job_button(AddJobDetailsSteps.java:18)
	at âœ½.user clicks Job button(file:///C:/Users/elena/OneDrive/Desktop/GroupProject/Group5B14/src/test/resources/features/AddJobDetails.feature:13)

