<?xml version="1.0" encoding="UTF-8"?>
<testsuite xmlns:xsi="http://www.w3.org/2001/XMLSchema-instance" xsi:noNamespaceSchemaLocation="https://maven.apache.org/surefire/maven-surefire-plugin/xsd/surefire-test-report-3.0.xsd" version="3.0" name="runners.Runner" time="26.528" tests="1" errors="0" skipped="0" failures="0">
  <properties>
[...]
</properties>
  <testcase name="editing employee contact details" classname="contact details" time="25.949">
    <system-out><![CDATA[
@test6
Scenario: editing employee contact details                           # src/test/resources/features/ContactDetails.feature:14
  When user enters valid admin username and valid admin password     # steps.LoginSteps.user_enters_valid_admin_username_and_valid_admin_password()
  And user clicks on login button                                    # steps.LoginSteps.user_clicks_on_login_button()
  Then user is successfully logged in                                # steps.LoginSteps.user_is_successfully_logged_in()
  When user clicks on PIM option                                     # steps.OpenEmployeeSteps.userClicksOnPIMOption()
  And user clicks on Employee List button                            # steps.OpenEmployeeSteps.userClicksOnEmployeeListButton()
  When user enters valid employee id                                 # steps.OpenEmployeeSteps.user_enters_valid_employee_id()
  And user clicks the search button                                  # steps.OpenEmployeeSteps.user_clicks_the_search_button()
  And user clicks the employee                                       # steps.OpenEmployeeSteps.user_clicks_the_employee()
  Then employee's personal page is displayed                         # steps.OpenEmployeeSteps.that_employee_s_personal_page_is_displayed()
  And user clicks on Contact Details button                          # steps.ContactDetailsSteps.userClicksOnContactDetailsButton()
  Given the contact details are displayed                            # steps.ContactDetailsSteps.the_contact_details_are_displayed()
  And user clicks on Edit button                                     # steps.ContactDetailsSteps.edit_button_is_clickable()
  When I enter "123 West ln" in the Address Street First textbox     # steps.ContactDetailsSteps.iEnterStreetAddressInTheTextbox(java.lang.String)
  And I enter "apt 103" in the Address Street Second textbox         # steps.ContactDetailsSteps.IEnterStreetAddressInTheTextbox(java.lang.String)
  And I enter "Kazan" in the City textbox                            # steps.ContactDetailsSteps.i_enter_city_in_the_textbox(java.lang.String)
  And I enter "Tatarstan" or province in the State textbox           # steps.ContactDetailsSteps.i_enter_state_or_province_in_the_textbox(java.lang.String)
  And I enter "23456" in the Zip Postal Code textbox                 # steps.ContactDetailsSteps.i_enter_zip_or_postal_code_in_the_textbox(java.lang.String)
  And I select "Albania" from the Country dropdown                   # steps.ContactDetailsSteps.i_select_country_from_the_dropdown(java.lang.String)
  And I enter "567-678-5678" number in the Home Phone textbox        # steps.ContactDetailsSteps.i_enter_home_phone_number_in_the_textbox(java.lang.String)
  And I enter "345-678-8909" number in the Mobile Phone textbox      # steps.ContactDetailsSteps.i_enter_mobile_phone_number_in_the_textbox(java.lang.String)
  And I enter "757-024-4758" number in the Work Phone textbox        # steps.ContactDetailsSteps.i_enter_work_phone_number_in_the_textbox(java.lang.String)
  And I enter "superhero23456@gmail.com" in the Work Email textbox   # steps.ContactDetailsSteps.i_enter_work_email_in_the_textbox(java.lang.String)
  And I enter "supermario34567@yahoo.com" in the Other Email textbox # steps.ContactDetailsSteps.i_enter_other_email_in_the_textbox(java.lang.String)
  Then I should be able to submit the form                           # steps.ContactDetailsSteps.i_should_be_able_to_submit_the_form()
Contact information is saved successfully
  And contact information should be saved successfully.              # steps.ContactDetailsSteps.contact_information_should_be_saved_successfully()

    Embedding editing employee contact details [image/png 238168 bytes]

]]></system-out>
    <system-err><![CDATA[Starting ChromeDriver 108.0.5359.71 (1e0e3868ee06e91ad636a874420e3ca3ae3756ac-refs/branch-heads/5359@{#1016}) on port 20458
Only local connections are allowed.
Please see https://chromedriver.chromium.org/security-considerations for suggestions on keeping ChromeDriver safe.
ChromeDriver was started successfully.
Dec 29, 2022 8:39:08 PM org.openqa.selenium.remote.ProtocolHandshake createSession
INFO: Detected dialect: W3C
log4j:WARN Continuable parsing error 5 and column 84
log4j:WARN Attribute "xmlns:log4j" with value "https://jakarta.apache.org/log4j/" must have a value of "http://jakarta.apache.org/log4j/".
]]></system-err>
  </testcase>
</testsuite>